# JRE version: OpenJDK Runtime Environment (8.0_242-b01) (build 1.8.0_242-release-1644-b01)
# Java VM: OpenJDK 64-Bit Server VM (25.242-b01 mixed mode windows-amd64 compressed oops)
Heap:
 PSYoungGen      total 552448K, used 212193K [0x00000000d5580000, 0x00000000ff580000, 0x0000000100000000)
  eden space 516608K, 38% used [0x00000000d5580000,0x00000000e18a0720,0x00000000f4e00000)
  from space 35840K, 34% used [0x00000000f4e00000,0x00000000f5a17f98,0x00000000f7100000)
  to   space 31232K, 0% used [0x00000000fd700000,0x00000000fd700000,0x00000000ff580000)
 ParOldGen       total 153600K, used 126139K [0x0000000080000000, 0x0000000089600000, 0x00000000d5580000)
  object space 153600K, 82% used [0x0000000080000000,0x0000000087b2edd0,0x0000000089600000)
 Metaspace       used 86163K, capacity 91006K, committed 91288K, reserved 1128448K
  class space    used 11712K, capacity 12611K, committed 12720K, reserved 1048576K
GC Heap History (10 events):
Event: 136.407 GC heap before
{Heap before GC invocations=23 (full 4):
 PSYoungGen      total 434688K, used 400416K [0x00000000d5580000, 0x00000000f2a80000, 0x0000000100000000)
  eden space 396288K, 100% used [0x00000000d5580000,0x00000000ed880000,0x00000000ed880000)
  from space 38400K, 10% used [0x00000000efd80000,0x00000000f0188000,0x00000000f2300000)
  to   space 37888K, 0% used [0x00000000ed880000,0x00000000ed880000,0x00000000efd80000)
 ParOldGen       total 153600K, used 102877K [0x0000000080000000, 0x0000000089600000, 0x00000000d5580000)
  object space 153600K, 66% used [0x0000000080000000,0x0000000086477568,0x0000000089600000)
 Metaspace       used 85194K, capacity 89694K, committed 90392K, reserved 1126400K
  class space    used 11626K, capacity 12475K, committed 12592K, reserved 1048576K
Event: 136.421 GC heap after
Heap after GC invocations=23 (full 4):
 PSYoungGen      total 434176K, used 5152K [0x00000000d5580000, 0x00000000f9580000, 0x0000000100000000)
  eden space 396288K, 0% used [0x00000000d5580000,0x00000000d5580000,0x00000000ed880000)
  from space 37888K, 13% used [0x00000000ed880000,0x00000000edd88010,0x00000000efd80000)
  to   space 37376K, 0% used [0x00000000f7100000,0x00000000f7100000,0x00000000f9580000)
 ParOldGen       total 153600K, used 106358K [0x0000000080000000, 0x0000000089600000, 0x00000000d5580000)
  object space 153600K, 69% used [0x0000000080000000,0x00000000867dd8f0,0x0000000089600000)
 Metaspace       used 85194K, capacity 89694K, committed 90392K, reserved 1126400K
  class space    used 11626K, capacity 12475K, committed 12592K, reserved 1048576K
}
Event: 138.150 GC heap before
{Heap before GC invocations=24 (full 4):
 PSYoungGen      total 434176K, used 401440K [0x00000000d5580000, 0x00000000f9580000, 0x0000000100000000)
  eden space 396288K, 100% used [0x00000000d5580000,0x00000000ed880000,0x00000000ed880000)
  from space 37888K, 13% used [0x00000000ed880000,0x00000000edd88010,0x00000000efd80000)
  to   space 37376K, 0% used [0x00000000f7100000,0x00000000f7100000,0x00000000f9580000)
 ParOldGen       total 153600K, used 106358K [0x0000000080000000, 0x0000000089600000, 0x00000000d5580000)
  object space 153600K, 69% used [0x0000000080000000,0x00000000867dd8f0,0x0000000089600000)
 Metaspace       used 85394K, capacity 89992K, committed 90648K, reserved 1128448K
  class space    used 11642K, capacity 12518K, committed 12592K, reserved 1048576K
Event: 138.197 GC heap after
Heap after GC invocations=24 (full 4):
 PSYoungGen      total 553984K, used 5932K [0x00000000d5580000, 0x00000000f9580000, 0x0000000100000000)
  eden space 516608K, 0% used [0x00000000d5580000,0x00000000d5580000,0x00000000f4e00000)
  from space 37376K, 15% used [0x00000000f7100000,0x00000000f76cb050,0x00000000f9580000)
  to   space 35840K, 0% used [0x00000000f4e00000,0x00000000f4e00000,0x00000000f7100000)
 ParOldGen       total 153600K, used 110366K [0x0000000080000000, 0x0000000089600000, 0x00000000d5580000)
  object space 153600K, 71% used [0x0000000080000000,0x0000000086bc7960,0x0000000089600000)
 Metaspace       used 85394K, capacity 89992K, committed 90648K, reserved 1128448K
  class space    used 11642K, capacity 12518K, committed 12592K, reserved 1048576K
}
Event: 140.600 GC heap before
{Heap before GC invocations=25 (full 4):
 PSYoungGen      total 553984K, used 522540K [0x00000000d5580000, 0x00000000f9580000, 0x0000000100000000)
  eden space 516608K, 100% used [0x00000000d5580000,0x00000000f4e00000,0x00000000f4e00000)
  from space 37376K, 15% used [0x00000000f7100000,0x00000000f76cb050,0x00000000f9580000)
  to   space 35840K, 0% used [0x00000000f4e00000,0x00000000f4e00000,0x00000000f7100000)
 ParOldGen       total 153600K, used 110366K [0x0000000080000000, 0x0000000089600000, 0x00000000d5580000)
  object space 153600K, 71% used [0x0000000080000000,0x0000000086bc7960,0x0000000089600000)
 Metaspace       used 85623K, capacity 90216K, committed 90904K, reserved 1128448K
  class space    used 11660K, capacity 12522K, committed 12592K, reserved 1048576K
Event: 140.641 GC heap after
Heap after GC invocations=25 (full 4):
 PSYoungGen      total 552448K, used 7734K [0x00000000d5580000, 0x00000000f9580000, 0x0000000100000000)
  eden space 516608K, 0% used [0x00000000d5580000,0x00000000d5580000,0x00000000f4e00000)
  from space 35840K, 21% used [0x00000000f4e00000,0x00000000f558d9f0,0x00000000f7100000)
  to   space 37376K, 0% used [0x00000000f7100000,0x00000000f7100000,0x00000000f9580000)
 ParOldGen       total 153600K, used 115589K [0x0000000080000000, 0x0000000089600000, 0x00000000d5580000)
  object space 153600K, 75% used [0x0000000080000000,0x00000000870e1688,0x0000000089600000)
 Metaspace       used 85623K, capacity 90216K, committed 90904K, reserved 1128448K
  class space    used 11660K, capacity 12522K, committed 12592K, reserved 1048576K
}
Event: 144.128 GC heap before
{Heap before GC invocations=26 (full 4):
 PSYoungGen      total 552448K, used 524342K [0x00000000d5580000, 0x00000000f9580000, 0x0000000100000000)
  eden space 516608K, 100% used [0x00000000d5580000,0x00000000f4e00000,0x00000000f4e00000)
  from space 35840K, 21% used [0x00000000f4e00000,0x00000000f558d9f0,0x00000000f7100000)
  to   space 37376K, 0% used [0x00000000f7100000,0x00000000f7100000,0x00000000f9580000)
 ParOldGen       total 153600K, used 115589K [0x0000000080000000, 0x0000000089600000, 0x00000000d5580000)
  object space 153600K, 75% used [0x0000000080000000,0x00000000870e1688,0x0000000089600000)
 Metaspace       used 85704K, capacity 90326K, committed 90904K, reserved 1128448K
  class space    used 11668K, capacity 12529K, committed 12592K, reserved 1048576K
Event: 144.170 GC heap after
Heap after GC invocations=26 (full 4):
 PSYoungGen      total 553984K, used 6992K [0x00000000d5580000, 0x00000000f9580000, 0x0000000100000000)
  eden space 516608K, 0% used [0x00000000d5580000,0x00000000d5580000,0x00000000f4e00000)
  from space 37376K, 18% used [0x00000000f7100000,0x00000000f77d4060,0x00000000f9580000)
  to   space 35840K, 0% used [0x00000000f4e00000,0x00000000f4e00000,0x00000000f7100000)
 ParOldGen       total 153600K, used 121713K [0x0000000080000000, 0x0000000089600000, 0x00000000d5580000)
  object space 153600K, 79% used [0x0000000080000000,0x00000000876dc4b8,0x0000000089600000)
 Metaspace       used 85704K, capacity 90326K, committed 90904K, reserved 1128448K
  class space    used 11668K, capacity 12529K, committed 12592K, reserved 1048576K
}
Event: 156.426 GC heap before
{Heap before GC invocations=27 (full 4):
 PSYoungGen      total 553984K, used 523600K [0x00000000d5580000, 0x00000000f9580000, 0x0000000100000000)
  eden space 516608K, 100% used [0x00000000d5580000,0x00000000f4e00000,0x00000000f4e00000)
  from space 37376K, 18% used [0x00000000f7100000,0x00000000f77d4060,0x00000000f9580000)
  to   space 35840K, 0% used [0x00000000f4e00000,0x00000000f4e00000,0x00000000f7100000)
 ParOldGen       total 153600K, used 121713K [0x0000000080000000, 0x0000000089600000, 0x00000000d5580000)
  object space 153600K, 79% used [0x0000000080000000,0x00000000876dc4b8,0x0000000089600000)
 Metaspace       used 86154K, capacity 90932K, committed 91288K, reserved 1128448K
  class space    used 11712K, capacity 12610K, committed 12720K, reserved 1048576K
Event: 156.480 GC heap after
Heap after GC invocations=27 (full 4):
 PSYoungGen      total 552448K, used 12383K [0x00000000d5580000, 0x00000000ff580000, 0x0000000100000000)
  eden space 516608K, 0% used [0x00000000d5580000,0x00000000d5580000,0x00000000f4e00000)
  from space 35840K, 34% used [0x00000000f4e00000,0x00000000f5a17f98,0x00000000f7100000)
  to   space 31232K, 0% used [0x00000000fd700000,0x00000000fd700000,0x00000000ff580000)
 ParOldGen       total 153600K, used 126139K [0x0000000080000000, 0x0000000089600000, 0x00000000d5580000)
  object space 153600K, 82% used [0x0000000080000000,0x0000000087b2edd0,0x0000000089600000)
 Metaspace       used 86154K, capacity 90932K, committed 91288K, reserved 1128448K
  class space    used 11712K, capacity 12610K, committed 12720K, reserved 1048576K
}

