# JRE version: OpenJDK Runtime Environment (11.0.8+10) (build 11.0.8+10-b944.6842174)
# Java VM: OpenJDK 64-Bit Server VM (11.0.8+10-b944.6842174, mixed mode, tiered, compressed oops, g1 gc, windows-amd64)
Heap:
 garbage-first heap   total 1089536K, used 302080K [0x0000000080000000, 0x0000000100000000)
  region size 1024K, 6 young (6144K), 6 survivors (6144K)
 Metaspace       used 86532K, capacity 88640K, committed 88908K, reserved 1126400K
  class space    used 11326K, capacity 12076K, committed 12108K, reserved 1048576K
GC Heap History (20 events):
Event: 61.528 GC heap after
{Heap after GC invocations=32 (full 0):
 garbage-first heap   total 174080K, used 152911K [0x0000000080000000, 0x0000000100000000)
  region size 1024K, 1 young (1024K), 1 survivors (1024K)
 Metaspace       used 84484K, capacity 86566K, committed 86732K, reserved 1124352K
  class space    used 10953K, capacity 11682K, committed 11724K, reserved 1048576K
}
Event: 61.611 GC heap before
{Heap before GC invocations=32 (full 0):
 garbage-first heap   total 174080K, used 162127K [0x0000000080000000, 0x0000000100000000)
  region size 1024K, 8 young (8192K), 1 survivors (1024K)
 Metaspace       used 84484K, capacity 86566K, committed 86732K, reserved 1124352K
  class space    used 10953K, capacity 11682K, committed 11724K, reserved 1048576K
}
Event: 61.619 GC heap after
{Heap after GC invocations=33 (full 0):
 garbage-first heap   total 174080K, used 158261K [0x0000000080000000, 0x0000000100000000)
  region size 1024K, 1 young (1024K), 1 survivors (1024K)
 Metaspace       used 84484K, capacity 86566K, committed 86732K, reserved 1124352K
  class space    used 10953K, capacity 11682K, committed 11724K, reserved 1048576K
}
Event: 61.692 GC heap before
{Heap before GC invocations=34 (full 0):
 garbage-first heap   total 174080K, used 164405K [0x0000000080000000, 0x0000000100000000)
  region size 1024K, 8 young (8192K), 1 survivors (1024K)
 Metaspace       used 84484K, capacity 86566K, committed 86732K, reserved 1124352K
  class space    used 10953K, capacity 11682K, committed 11724K, reserved 1048576K
}
Event: 61.702 GC heap after
{Heap after GC invocations=35 (full 0):
 garbage-first heap   total 208896K, used 161752K [0x0000000080000000, 0x0000000100000000)
  region size 1024K, 1 young (1024K), 1 survivors (1024K)
 Metaspace       used 84484K, capacity 86566K, committed 86732K, reserved 1124352K
  class space    used 10953K, capacity 11682K, committed 11724K, reserved 1048576K
}
Event: 61.739 GC heap before
{Heap before GC invocations=35 (full 0):
 garbage-first heap   total 208896K, used 170968K [0x0000000080000000, 0x0000000100000000)
  region size 1024K, 11 young (11264K), 1 survivors (1024K)
 Metaspace       used 84484K, capacity 86566K, committed 86732K, reserved 1124352K
  class space    used 10953K, capacity 11682K, committed 11724K, reserved 1048576K
}
Event: 61.748 GC heap after
{Heap after GC invocations=36 (full 0):
 garbage-first heap   total 208896K, used 165808K [0x0000000080000000, 0x0000000100000000)
  region size 1024K, 2 young (2048K), 2 survivors (2048K)
 Metaspace       used 84484K, capacity 86566K, committed 86732K, reserved 1124352K
  class space    used 10953K, capacity 11682K, committed 11724K, reserved 1048576K
}
Event: 61.772 GC heap before
{Heap before GC invocations=36 (full 0):
 garbage-first heap   total 208896K, used 175024K [0x0000000080000000, 0x0000000100000000)
  region size 1024K, 11 young (11264K), 2 survivors (2048K)
 Metaspace       used 84484K, capacity 86566K, committed 86732K, reserved 1124352K
  class space    used 10953K, capacity 11682K, committed 11724K, reserved 1048576K
}
Event: 61.782 GC heap after
{Heap after GC invocations=37 (full 0):
 garbage-first heap   total 208896K, used 169500K [0x0000000080000000, 0x0000000100000000)
  region size 1024K, 2 young (2048K), 2 survivors (2048K)
 Metaspace       used 84484K, capacity 86566K, committed 86732K, reserved 1124352K
  class space    used 10953K, capacity 11682K, committed 11724K, reserved 1048576K
}
Event: 61.811 GC heap before
{Heap before GC invocations=37 (full 0):
 garbage-first heap   total 208896K, used 178716K [0x0000000080000000, 0x0000000100000000)
  region size 1024K, 10 young (10240K), 2 survivors (2048K)
 Metaspace       used 84484K, capacity 86566K, committed 86732K, reserved 1124352K
  class space    used 10953K, capacity 11682K, committed 11724K, reserved 1048576K
}
Event: 61.821 GC heap after
{Heap after GC invocations=38 (full 0):
 garbage-first heap   total 208896K, used 175745K [0x0000000080000000, 0x0000000100000000)
  region size 1024K, 2 young (2048K), 2 survivors (2048K)
 Metaspace       used 84484K, capacity 86566K, committed 86732K, reserved 1124352K
  class space    used 10953K, capacity 11682K, committed 11724K, reserved 1048576K
}
Event: 61.852 GC heap before
{Heap before GC invocations=38 (full 0):
 garbage-first heap   total 208896K, used 185985K [0x0000000080000000, 0x0000000100000000)
  region size 1024K, 10 young (10240K), 2 survivors (2048K)
 Metaspace       used 84484K, capacity 86566K, committed 86732K, reserved 1124352K
  class space    used 10953K, capacity 11682K, committed 11724K, reserved 1048576K
}
Event: 61.870 GC heap after
{Heap after GC invocations=39 (full 0):
 garbage-first heap   total 417792K, used 181980K [0x0000000080000000, 0x0000000100000000)
  region size 1024K, 2 young (2048K), 2 survivors (2048K)
 Metaspace       used 84484K, capacity 86566K, committed 86732K, reserved 1124352K
  class space    used 10953K, capacity 11682K, committed 11724K, reserved 1048576K
}
Event: 62.187 GC heap before
{Heap before GC invocations=40 (full 0):
 garbage-first heap   total 417792K, used 252636K [0x0000000080000000, 0x0000000100000000)
  region size 1024K, 70 young (71680K), 2 survivors (2048K)
 Metaspace       used 86479K, capacity 88640K, committed 88908K, reserved 1126400K
  class space    used 11325K, capacity 12076K, committed 12108K, reserved 1048576K
}
Event: 62.245 GC heap after
{Heap after GC invocations=41 (full 0):
 garbage-first heap   total 417792K, used 217465K [0x0000000080000000, 0x0000000100000000)
  region size 1024K, 9 young (9216K), 9 survivors (9216K)
 Metaspace       used 86479K, capacity 88640K, committed 88908K, reserved 1126400K
  class space    used 11325K, capacity 12076K, committed 12108K, reserved 1048576K
}
Event: 62.382 GC heap before
{Heap before GC invocations=41 (full 0):
 garbage-first heap   total 417792K, used 276857K [0x0000000080000000, 0x0000000100000000)
  region size 1024K, 67 young (68608K), 9 survivors (9216K)
 Metaspace       used 86492K, capacity 88640K, committed 88908K, reserved 1126400K
  class space    used 11325K, capacity 12076K, committed 12108K, reserved 1048576K
}
Event: 62.439 GC heap after
{Heap after GC invocations=42 (full 0):
 garbage-first heap   total 417792K, used 252416K [0x0000000080000000, 0x0000000100000000)
  region size 1024K, 9 young (9216K), 9 survivors (9216K)
 Metaspace       used 86492K, capacity 88640K, committed 88908K, reserved 1126400K
  class space    used 11325K, capacity 12076K, committed 12108K, reserved 1048576K
}
Event: 62.682 GC heap before
{Heap before GC invocations=42 (full 0):
 garbage-first heap   total 417792K, used 299520K [0x0000000080000000, 0x0000000100000000)
  region size 1024K, 56 young (57344K), 9 survivors (9216K)
 Metaspace       used 86530K, capacity 88640K, committed 88908K, reserved 1126400K
  class space    used 11326K, capacity 12076K, committed 12108K, reserved 1048576K
}
Event: 62.731 GC heap after
{Heap after GC invocations=43 (full 0):
 garbage-first heap   total 417792K, used 282112K [0x0000000080000000, 0x0000000100000000)
  region size 1024K, 7 young (7168K), 7 survivors (7168K)
 Metaspace       used 86530K, capacity 88640K, committed 88908K, reserved 1126400K
  class space    used 11326K, capacity 12076K, committed 12108K, reserved 1048576K
}
Event: 62.955 GC heap before
{Heap before GC invocations=43 (full 0):
 garbage-first heap   total 417792K, used 315904K [0x0000000080000000, 0x0000000100000000)
  region size 1024K, 43 young (44032K), 7 survivors (7168K)
 Metaspace       used 86532K, capacity 88640K, committed 88908K, reserved 1126400K
  class space    used 11326K, capacity 12076K, committed 12108K, reserved 1048576K
}

