# JRE version: OpenJDK Runtime Environment (11.0.8+10) (build 11.0.8+10-b944.6842174)
# Java VM: OpenJDK 64-Bit Server VM (11.0.8+10-b944.6842174, mixed mode, tiered, compressed oops, g1 gc, windows-amd64)
Heap:
 garbage-first heap   total 1080320K, used 287232K [0x0000000080000000, 0x0000000100000000)
  region size 1024K, 6 young (6144K), 6 survivors (6144K)
 Metaspace       used 86529K, capacity 88665K, committed 88908K, reserved 1126400K
  class space    used 11332K, capacity 12086K, committed 12160K, reserved 1048576K
GC Heap History (20 events):
Event: 22.552 GC heap after
{Heap after GC invocations=42 (full 0):
 garbage-first heap   total 158720K, used 151547K [0x0000000080000000, 0x0000000100000000)
  region size 1024K, 1 young (1024K), 1 survivors (1024K)
 Metaspace       used 84453K, capacity 86562K, committed 86732K, reserved 1124352K
  class space    used 10955K, capacity 11682K, committed 11776K, reserved 1048576K
}
Event: 22.588 GC heap before
{Heap before GC invocations=42 (full 0):
 garbage-first heap   total 158720K, used 157691K [0x0000000080000000, 0x0000000100000000)
  region size 1024K, 7 young (7168K), 1 survivors (1024K)
 Metaspace       used 84454K, capacity 86562K, committed 86732K, reserved 1124352K
  class space    used 10955K, capacity 11682K, committed 11776K, reserved 1048576K
}
Event: 22.594 GC heap after
{Heap after GC invocations=43 (full 0):
 garbage-first heap   total 161792K, used 154333K [0x0000000080000000, 0x0000000100000000)
  region size 1024K, 1 young (1024K), 1 survivors (1024K)
 Metaspace       used 84454K, capacity 86562K, committed 86732K, reserved 1124352K
  class space    used 10955K, capacity 11682K, committed 11776K, reserved 1048576K
}
Event: 22.642 GC heap before
{Heap before GC invocations=43 (full 0):
 garbage-first heap   total 162816K, used 162525K [0x0000000080000000, 0x0000000100000000)
  region size 1024K, 7 young (7168K), 1 survivors (1024K)
 Metaspace       used 84454K, capacity 86562K, committed 86732K, reserved 1124352K
  class space    used 10955K, capacity 11682K, committed 11776K, reserved 1048576K
}
Event: 22.650 GC heap after
{Heap after GC invocations=44 (full 0):
 garbage-first heap   total 200704K, used 159259K [0x0000000080000000, 0x0000000100000000)
  region size 1024K, 1 young (1024K), 1 survivors (1024K)
 Metaspace       used 84454K, capacity 86562K, committed 86732K, reserved 1124352K
  class space    used 10955K, capacity 11682K, committed 11776K, reserved 1048576K
}
Event: 22.693 GC heap before
{Heap before GC invocations=44 (full 0):
 garbage-first heap   total 200704K, used 166427K [0x0000000080000000, 0x0000000100000000)
  region size 1024K, 9 young (9216K), 1 survivors (1024K)
 Metaspace       used 84454K, capacity 86562K, committed 86732K, reserved 1124352K
  class space    used 10955K, capacity 11682K, committed 11776K, reserved 1048576K
}
Event: 22.703 GC heap after
{Heap after GC invocations=45 (full 0):
 garbage-first heap   total 200704K, used 163188K [0x0000000080000000, 0x0000000100000000)
  region size 1024K, 2 young (2048K), 2 survivors (2048K)
 Metaspace       used 84454K, capacity 86562K, committed 86732K, reserved 1124352K
  class space    used 10955K, capacity 11682K, committed 11776K, reserved 1048576K
}
Event: 22.730 GC heap before
{Heap before GC invocations=46 (full 0):
 garbage-first heap   total 200704K, used 170356K [0x0000000080000000, 0x0000000100000000)
  region size 1024K, 9 young (9216K), 2 survivors (2048K)
 Metaspace       used 84454K, capacity 86562K, committed 86732K, reserved 1124352K
  class space    used 10955K, capacity 11682K, committed 11776K, reserved 1048576K
}
Event: 22.737 GC heap after
{Heap after GC invocations=47 (full 0):
 garbage-first heap   total 200704K, used 165809K [0x0000000080000000, 0x0000000100000000)
  region size 1024K, 2 young (2048K), 2 survivors (2048K)
 Metaspace       used 84454K, capacity 86562K, committed 86732K, reserved 1124352K
  class space    used 10955K, capacity 11682K, committed 11776K, reserved 1048576K
}
Event: 22.771 GC heap before
{Heap before GC invocations=47 (full 0):
 garbage-first heap   total 200704K, used 172977K [0x0000000080000000, 0x0000000100000000)
  region size 1024K, 9 young (9216K), 2 survivors (2048K)
 Metaspace       used 84454K, capacity 86562K, committed 86732K, reserved 1124352K
  class space    used 10955K, capacity 11682K, committed 11776K, reserved 1048576K
}
Event: 22.779 GC heap after
{Heap after GC invocations=48 (full 0):
 garbage-first heap   total 200704K, used 168542K [0x0000000080000000, 0x0000000100000000)
  region size 1024K, 2 young (2048K), 2 survivors (2048K)
 Metaspace       used 84454K, capacity 86562K, committed 86732K, reserved 1124352K
  class space    used 10955K, capacity 11682K, committed 11776K, reserved 1048576K
}
Event: 22.809 GC heap before
{Heap before GC invocations=48 (full 0):
 garbage-first heap   total 200704K, used 175710K [0x0000000080000000, 0x0000000100000000)
  region size 1024K, 9 young (9216K), 2 survivors (2048K)
 Metaspace       used 84454K, capacity 86562K, committed 86732K, reserved 1124352K
  class space    used 10955K, capacity 11682K, committed 11776K, reserved 1048576K
}
Event: 22.822 GC heap after
{Heap after GC invocations=49 (full 0):
 garbage-first heap   total 401408K, used 171423K [0x0000000080000000, 0x0000000100000000)
  region size 1024K, 2 young (2048K), 2 survivors (2048K)
 Metaspace       used 84454K, capacity 86562K, committed 86732K, reserved 1124352K
  class space    used 10955K, capacity 11682K, committed 11776K, reserved 1048576K
}
Event: 23.491 GC heap before
{Heap before GC invocations=50 (full 0):
 garbage-first heap   total 401408K, used 237983K [0x0000000080000000, 0x0000000100000000)
  region size 1024K, 63 young (64512K), 2 survivors (2048K)
 Metaspace       used 86462K, capacity 88595K, committed 88908K, reserved 1126400K
  class space    used 11331K, capacity 12086K, committed 12160K, reserved 1048576K
}
Event: 23.534 GC heap after
{Heap after GC invocations=51 (full 0):
 garbage-first heap   total 401408K, used 204677K [0x0000000080000000, 0x0000000100000000)
  region size 1024K, 8 young (8192K), 8 survivors (8192K)
 Metaspace       used 86462K, capacity 88595K, committed 88908K, reserved 1126400K
  class space    used 11331K, capacity 12086K, committed 12160K, reserved 1048576K
}
Event: 23.679 GC heap before
{Heap before GC invocations=51 (full 0):
 garbage-first heap   total 401408K, used 258949K [0x0000000080000000, 0x0000000100000000)
  region size 1024K, 62 young (63488K), 8 survivors (8192K)
 Metaspace       used 86487K, capacity 88662K, committed 88908K, reserved 1126400K
  class space    used 11332K, capacity 12086K, committed 12160K, reserved 1048576K
}
Event: 23.727 GC heap after
{Heap after GC invocations=52 (full 0):
 garbage-first heap   total 401408K, used 236544K [0x0000000080000000, 0x0000000100000000)
  region size 1024K, 8 young (8192K), 8 survivors (8192K)
 Metaspace       used 86487K, capacity 88662K, committed 88908K, reserved 1126400K
  class space    used 11332K, capacity 12086K, committed 12160K, reserved 1048576K
}
Event: 23.913 GC heap before
{Heap before GC invocations=52 (full 0):
 garbage-first heap   total 401408K, used 281600K [0x0000000080000000, 0x0000000100000000)
  region size 1024K, 53 young (54272K), 8 survivors (8192K)
 Metaspace       used 86524K, capacity 88662K, committed 88908K, reserved 1126400K
  class space    used 11332K, capacity 12086K, committed 12160K, reserved 1048576K
}
Event: 23.945 GC heap after
{Heap after GC invocations=53 (full 0):
 garbage-first heap   total 401408K, used 264704K [0x0000000080000000, 0x0000000100000000)
  region size 1024K, 7 young (7168K), 7 survivors (7168K)
 Metaspace       used 86524K, capacity 88662K, committed 88908K, reserved 1126400K
  class space    used 11332K, capacity 12086K, committed 12160K, reserved 1048576K
}
Event: 24.051 GC heap before
{Heap before GC invocations=53 (full 0):
 garbage-first heap   total 401408K, used 300544K [0x0000000080000000, 0x0000000100000000)
  region size 1024K, 43 young (44032K), 7 survivors (7168K)
 Metaspace       used 86529K, capacity 88665K, committed 88908K, reserved 1126400K
  class space    used 11332K, capacity 12086K, committed 12160K, reserved 1048576K
}

