# JRE version: OpenJDK Runtime Environment (11.0.8+10) (build 11.0.8+10-b944.6842174)
# Java VM: OpenJDK 64-Bit Server VM (11.0.8+10-b944.6842174, mixed mode, tiered, compressed oops, g1 gc, windows-amd64)
Heap:
 garbage-first heap   total 1093632K, used 299008K [0x0000000080000000, 0x0000000100000000)
  region size 1024K, 6 young (6144K), 6 survivors (6144K)
 Metaspace       used 93948K, capacity 96115K, committed 96332K, reserved 1132544K
  class space    used 12139K, capacity 12904K, committed 12928K, reserved 1048576K
GC Heap History (20 events):
Event: 105.011 GC heap after
{Heap after GC invocations=60 (full 0):
 garbage-first heap   total 161792K, used 154458K [0x0000000080000000, 0x0000000100000000)
  region size 1024K, 1 young (1024K), 1 survivors (1024K)
 Metaspace       used 91886K, capacity 93967K, committed 94156K, reserved 1130496K
  class space    used 11766K, capacity 12506K, committed 12544K, reserved 1048576K
}
Event: 105.036 GC heap before
{Heap before GC invocations=60 (full 0):
 garbage-first heap   total 161792K, used 159578K [0x0000000080000000, 0x0000000100000000)
  region size 1024K, 7 young (7168K), 1 survivors (1024K)
 Metaspace       used 91887K, capacity 93967K, committed 94156K, reserved 1130496K
  class space    used 11766K, capacity 12506K, committed 12544K, reserved 1048576K
}
Event: 105.043 GC heap after
{Heap after GC invocations=61 (full 0):
 garbage-first heap   total 164864K, used 157109K [0x0000000080000000, 0x0000000100000000)
  region size 1024K, 1 young (1024K), 1 survivors (1024K)
 Metaspace       used 91887K, capacity 93967K, committed 94156K, reserved 1130496K
  class space    used 11766K, capacity 12506K, committed 12544K, reserved 1048576K
}
Event: 105.076 GC heap before
{Heap before GC invocations=61 (full 0):
 garbage-first heap   total 164864K, used 164277K [0x0000000080000000, 0x0000000100000000)
  region size 1024K, 6 young (6144K), 1 survivors (1024K)
 Metaspace       used 91887K, capacity 93967K, committed 94156K, reserved 1130496K
  class space    used 11766K, capacity 12506K, committed 12544K, reserved 1048576K
}
Event: 105.083 GC heap after
{Heap after GC invocations=62 (full 0):
 garbage-first heap   total 167936K, used 161595K [0x0000000080000000, 0x0000000100000000)
  region size 1024K, 1 young (1024K), 1 survivors (1024K)
 Metaspace       used 91887K, capacity 93967K, committed 94156K, reserved 1130496K
  class space    used 11766K, capacity 12506K, committed 12544K, reserved 1048576K
}
Event: 105.110 GC heap before
{Heap before GC invocations=62 (full 0):
 garbage-first heap   total 167936K, used 166715K [0x0000000080000000, 0x0000000100000000)
  region size 1024K, 7 young (7168K), 1 survivors (1024K)
 Metaspace       used 91887K, capacity 93967K, committed 94156K, reserved 1130496K
  class space    used 11766K, capacity 12506K, committed 12544K, reserved 1048576K
}
Event: 105.119 GC heap after
{Heap after GC invocations=63 (full 0):
 garbage-first heap   total 172032K, used 164427K [0x0000000080000000, 0x0000000100000000)
  region size 1024K, 1 young (1024K), 1 survivors (1024K)
 Metaspace       used 91887K, capacity 93967K, committed 94156K, reserved 1130496K
  class space    used 11766K, capacity 12506K, committed 12544K, reserved 1048576K
}
Event: 105.151 GC heap before
{Heap before GC invocations=63 (full 0):
 garbage-first heap   total 172032K, used 171595K [0x0000000080000000, 0x0000000100000000)
  region size 1024K, 8 young (8192K), 1 survivors (1024K)
 Metaspace       used 91887K, capacity 93967K, committed 94156K, reserved 1130496K
  class space    used 11766K, capacity 12506K, committed 12544K, reserved 1048576K
}
Event: 105.159 GC heap after
{Heap after GC invocations=64 (full 0):
 garbage-first heap   total 176128K, used 167267K [0x0000000080000000, 0x0000000100000000)
  region size 1024K, 1 young (1024K), 1 survivors (1024K)
 Metaspace       used 91887K, capacity 93967K, committed 94156K, reserved 1130496K
  class space    used 11766K, capacity 12506K, committed 12544K, reserved 1048576K
}
Event: 105.191 GC heap before
{Heap before GC invocations=64 (full 0):
 garbage-first heap   total 176128K, used 174435K [0x0000000080000000, 0x0000000100000000)
  region size 1024K, 8 young (8192K), 1 survivors (1024K)
 Metaspace       used 91887K, capacity 93967K, committed 94156K, reserved 1130496K
  class space    used 11766K, capacity 12506K, committed 12544K, reserved 1048576K
}
Event: 105.201 GC heap after
{Heap after GC invocations=65 (full 0):
 garbage-first heap   total 178176K, used 169935K [0x0000000080000000, 0x0000000100000000)
  region size 1024K, 1 young (1024K), 1 survivors (1024K)
 Metaspace       used 91887K, capacity 93967K, committed 94156K, reserved 1130496K
  class space    used 11766K, capacity 12506K, committed 12544K, reserved 1048576K
}
Event: 105.231 GC heap before
{Heap before GC invocations=66 (full 0):
 garbage-first heap   total 178176K, used 176079K [0x0000000080000000, 0x0000000100000000)
  region size 1024K, 8 young (8192K), 1 survivors (1024K)
 Metaspace       used 91887K, capacity 93967K, committed 94156K, reserved 1130496K
  class space    used 11766K, capacity 12506K, committed 12544K, reserved 1048576K
}
Event: 105.246 GC heap after
{Heap after GC invocations=67 (full 0):
 garbage-first heap   total 423936K, used 172812K [0x0000000080000000, 0x0000000100000000)
  region size 1024K, 1 young (1024K), 1 survivors (1024K)
 Metaspace       used 91887K, capacity 93967K, committed 94156K, reserved 1130496K
  class space    used 11766K, capacity 12506K, committed 12544K, reserved 1048576K
}
Event: 105.849 GC heap before
{Heap before GC invocations=67 (full 0):
 garbage-first heap   total 423936K, used 245516K [0x0000000080000000, 0x0000000100000000)
  region size 1024K, 67 young (68608K), 1 survivors (1024K)
 Metaspace       used 93885K, capacity 96048K, committed 96076K, reserved 1132544K
  class space    used 12138K, capacity 12904K, committed 12928K, reserved 1048576K
}
Event: 105.891 GC heap after
{Heap after GC invocations=68 (full 0):
 garbage-first heap   total 423936K, used 208809K [0x0000000080000000, 0x0000000100000000)
  region size 1024K, 9 young (9216K), 9 survivors (9216K)
 Metaspace       used 93885K, capacity 96048K, committed 96076K, reserved 1132544K
  class space    used 12138K, capacity 12904K, committed 12928K, reserved 1048576K
}
Event: 106.038 GC heap before
{Heap before GC invocations=68 (full 0):
 garbage-first heap   total 423936K, used 269225K [0x0000000080000000, 0x0000000100000000)
  region size 1024K, 68 young (69632K), 9 survivors (9216K)
 Metaspace       used 93907K, capacity 96051K, committed 96076K, reserved 1132544K
  class space    used 12138K, capacity 12904K, committed 12928K, reserved 1048576K
}
Event: 106.089 GC heap after
{Heap after GC invocations=69 (full 0):
 garbage-first heap   total 423936K, used 243510K [0x0000000080000000, 0x0000000100000000)
  region size 1024K, 9 young (9216K), 9 survivors (9216K)
 Metaspace       used 93907K, capacity 96051K, committed 96076K, reserved 1132544K
  class space    used 12138K, capacity 12904K, committed 12928K, reserved 1048576K
}
Event: 106.218 GC heap before
{Heap before GC invocations=69 (full 0):
 garbage-first heap   total 423936K, used 294710K [0x0000000080000000, 0x0000000100000000)
  region size 1024K, 59 young (60416K), 9 survivors (9216K)
 Metaspace       used 93942K, capacity 96115K, committed 96332K, reserved 1132544K
  class space    used 12139K, capacity 12904K, committed 12928K, reserved 1048576K
}
Event: 106.275 GC heap after
{Heap after GC invocations=70 (full 0):
 garbage-first heap   total 423936K, used 273408K [0x0000000080000000, 0x0000000100000000)
  region size 1024K, 8 young (8192K), 8 survivors (8192K)
 Metaspace       used 93942K, capacity 96115K, committed 96332K, reserved 1132544K
  class space    used 12139K, capacity 12904K, committed 12928K, reserved 1048576K
}
Event: 106.407 GC heap before
{Heap before GC invocations=70 (full 0):
 garbage-first heap   total 423936K, used 313344K [0x0000000080000000, 0x0000000100000000)
  region size 1024K, 48 young (49152K), 8 survivors (8192K)
 Metaspace       used 93948K, capacity 96115K, committed 96332K, reserved 1132544K
  class space    used 12139K, capacity 12904K, committed 12928K, reserved 1048576K
}

